
****** sdaccel v2015.4 (64-bit)
  **** SW Build 1480362 on Fri Feb 12 13:24:14 MST 2016
    ** Copyright 1986-2016 Xilinx, Inc. All Rights Reserved.

source compile_bitstream.tcl -notrace
INFO: [SDAccel 60-409] Creating solution...
INFO: [SDAccel 60-408]   Solution Name: 'backprop'
INFO: [SDAccel 60-407]   Solution Dir: '.'
INFO: [SDAccel 60-234] Added host file: '/curr/pengwei/ISCA17/HDLRevisit/MachSuite/common/harness.c'
INFO: [SDAccel 60-234] Added host file: '/curr/pengwei/ISCA17/HDLRevisit/MachSuite/common/support.c'
INFO: [SDAccel 60-234] Added host file: '/curr/pengwei/ISCA17/HDLRevisit/MachSuite/backprop/backprop/local_support.c'
INFO: [SDAccel 60-234] Added host file: '/curr/pengwei/ISCA17/HDLRevisit/MachSuite/common/support.h'
INFO: [SDAccel 60-234] Added host file: '/curr/pengwei/ISCA17/HDLRevisit/MachSuite/backprop/backprop/backprop.h'
INFO: [SDAccel 60-242] Creating kernel: 'workload'
INFO: [SDAccel 60-234] Added kernel file: '/curr/pengwei/ISCA17/HDLRevisit/MachSuite/backprop/backprop/backprop.c'
INFO: [SDAccel 60-234] Added kernel file: '/curr/pengwei/ISCA17/HDLRevisit/MachSuite/backprop/backprop/backprop.h'
INFO: [SDAccel 60-234] Added kernel file: '/curr/pengwei/ISCA17/HDLRevisit/MachSuite/common/support.h'
INFO: [SDAccel 60-240] Creating binary container: 'workload'
INFO: [SDAccel 60-423]   Target device: xilinx:adm-pcie-7v3:1ddr:2.1
INFO: [SDAccel 60-241] Creating compute unit for binary container 'workload' using platform '1ddr'...
INFO: [SDAccel 60-238] Compiling host...
INFO: [SDAccel 60-239] Compiling host...COMPLETE
INFO: [SDAccel 60-346] Compiling application for cpu emulation using software accelerators...
........................
...
INFO: [SDAccel 60-347] Compiling application for cpu emulation using software accelerators...COMPLETE
INFO: [SDAccel 60-348] Executing cpu emulation using software accelerators...
INFO: [SDAccel 60-280] Additional args : '/curr/pengwei/ISCA17/HDLRevisit/MachSuite/backprop/backprop/input.data /curr/pengwei/ISCA17/HDLRevisit/MachSuite/backprop/backprop/check.data workload.xclbin'
INFO: [SDAccel 60-174] Running emulation command line: /curr/pengwei/ISCA17/HDLRevisit/MachSuite/backprop/backprop/backprop/impl/sim/cpu_em/backprop.exe /curr/pengwei/ISCA17/HDLRevisit/MachSuite/backprop/backprop/input.data /curr/pengwei/ISCA17/HDLRevisit/MachSuite/backprop/backprop/check.data workload.xclbin
CL_PLATFORM_VENDOR Xilinx
CL_PLATFORM_NAME Xilinx
loading workload.xclbin
Success.
INFO: [SDAccel 60-349] Executing cpu emulation using software accelerators...COMPLETE
INFO: [Common 17-206] Exiting sdaccel at Thu May 12 17:38:43 2016...
